C:\USERS\BRADEN STEFFANIAK\DOCUMENTS\VISUAL STUDIO 2012\PROJECTS\CFOXYUTIL\CFOXYUTIL\DEBUG\SOURCE.OBJ
C:\USERS\BRADEN STEFFANIAK\DOCUMENTS\VISUAL STUDIO 2012\PROJECTS\CFOXYUTIL\CFOXYUTIL\DEBUG\VC110.PDB
C:\USERS\BRADEN STEFFANIAK\DOCUMENTS\VISUAL STUDIO 2012\PROJECTS\CFOXYUTIL\DEBUG\CFOXYUTIL.ILK
C:\USERS\BRADEN STEFFANIAK\DOCUMENTS\VISUAL STUDIO 2012\PROJECTS\CFOXYUTIL\DEBUG\CFOXYUTIL.EXE
C:\USERS\BRADEN STEFFANIAK\DOCUMENTS\VISUAL STUDIO 2012\PROJECTS\CFOXYUTIL\DEBUG\CFOXYUTIL.PDB
c:\Users\braden steffaniak\documents\visual studio 2012\Projects\CFoxyUtil\CFoxyUtil\Debug\Source.obj
c:\Users\braden steffaniak\documents\visual studio 2012\Projects\CFoxyUtil\CFoxyUtil\Debug\cl.command.1.tlog
c:\Users\braden steffaniak\documents\visual studio 2012\Projects\CFoxyUtil\CFoxyUtil\Debug\CL.read.1.tlog
c:\Users\braden steffaniak\documents\visual studio 2012\Projects\CFoxyUtil\CFoxyUtil\Debug\CL.write.1.tlog
c:\Users\braden steffaniak\documents\visual studio 2012\Projects\CFoxyUtil\CFoxyUtil\Debug\link-cvtres.read.1.tlog
c:\Users\braden steffaniak\documents\visual studio 2012\Projects\CFoxyUtil\CFoxyUtil\Debug\link-cvtres.write.1.tlog
c:\Users\braden steffaniak\documents\visual studio 2012\Projects\CFoxyUtil\CFoxyUtil\Debug\link-rc.read.1.tlog
c:\Users\braden steffaniak\documents\visual studio 2012\Projects\CFoxyUtil\CFoxyUtil\Debug\link-rc.write.1.tlog
c:\Users\braden steffaniak\documents\visual studio 2012\Projects\CFoxyUtil\CFoxyUtil\Debug\link.15580-cvtres.read.1.tlog
c:\Users\braden steffaniak\documents\visual studio 2012\Projects\CFoxyUtil\CFoxyUtil\Debug\link.15580-cvtres.write.1.tlog
c:\Users\braden steffaniak\documents\visual studio 2012\Projects\CFoxyUtil\CFoxyUtil\Debug\link.15580-rc.read.1.tlog
c:\Users\braden steffaniak\documents\visual studio 2012\Projects\CFoxyUtil\CFoxyUtil\Debug\link.15580-rc.write.1.tlog
c:\Users\braden steffaniak\documents\visual studio 2012\Projects\CFoxyUtil\CFoxyUtil\Debug\link.15580.read.1.tlog
c:\Users\braden steffaniak\documents\visual studio 2012\Projects\CFoxyUtil\CFoxyUtil\Debug\link.15580.write.1.tlog
c:\Users\braden steffaniak\documents\visual studio 2012\Projects\CFoxyUtil\CFoxyUtil\Debug\link.command.1.tlog
c:\Users\braden steffaniak\documents\visual studio 2012\Projects\CFoxyUtil\CFoxyUtil\Debug\link.read.1.tlog
c:\Users\braden steffaniak\documents\visual studio 2012\Projects\CFoxyUtil\CFoxyUtil\Debug\link.write.1.tlog
c:\Users\braden steffaniak\documents\visual studio 2012\Projects\CFoxyUtil\CFoxyUtil\Debug\vc110.idb
c:\Users\braden steffaniak\documents\visual studio 2012\Projects\CFoxyUtil\CFoxyUtil\Debug\vc110.pdb
c:\users\braden steffaniak\documents\visual studio 2012\Projects\CFoxyUtil\Debug\CFoxyUtil.pdb
c:\users\braden steffaniak\documents\visual studio 2012\Projects\CFoxyUtil\Debug\CFoxyUtil.ilk
